<?xml version="1.0" encoding="UTF-8"?>
<testng-results skipped="0" failed="0" total="1" passed="1">
  <reporter-output>
  </reporter-output>
  <suite name="Default suite" duration-ms="21656" started-at="2016-09-04T17:46:41Z" finished-at="2016-09-04T17:47:02Z">
    <groups>
    </groups>
    <test name="Default test" duration-ms="21656" started-at="2016-09-04T17:46:41Z" finished-at="2016-09-04T17:47:02Z">
      <class name="com.phptravels.FlightBookingTest">
        <test-method status="PASS" signature="beforeClass()[pri:0, instance:com.phptravels.FlightBookingTest@28feb3fa]" name="beforeClass" is-config="true" duration-ms="13653" started-at="2016-09-04T18:46:41Z" finished-at="2016-09-04T18:46:54Z">
          <reporter-output>
          </reporter-output>
        </test-method> <!-- beforeClass -->
        <test-method status="PASS" signature="test()[pri:0, instance:com.phptravels.FlightBookingTest@28feb3fa]" name="test" duration-ms="6024" started-at="2016-09-04T18:46:54Z" finished-at="2016-09-04T18:47:00Z">
          <reporter-output>
          </reporter-output>
        </test-method> <!-- test -->
        <test-method status="PASS" signature="afterMethod(org.testng.ITestResult)[pri:0, instance:com.phptravels.FlightBookingTest@28feb3fa]" name="afterMethod" is-config="true" duration-ms="1281" started-at="2016-09-04T18:47:00Z" finished-at="2016-09-04T18:47:02Z">
          <params>
            <param index="0">
              <value>
                <![CDATA[[TestResult name=test status=SUCCESS method=FlightBookingTest.test()[pri:0, instance:com.phptravels.FlightBookingTest@28feb3fa] output={null}]]]>
              </value>
            </param>
          </params>
          <reporter-output>
          </reporter-output>
        </test-method> <!-- afterMethod -->
        <test-method status="PASS" signature="afterClass()[pri:0, instance:com.phptravels.FlightBookingTest@28feb3fa]" name="afterClass" is-config="true" duration-ms="676" started-at="2016-09-04T18:47:02Z" finished-at="2016-09-04T18:47:02Z">
          <reporter-output>
          </reporter-output>
        </test-method> <!-- afterClass -->
      </class> <!-- com.phptravels.FlightBookingTest -->
    </test> <!-- Default test -->
  </suite> <!-- Default suite -->
</testng-results>
